{"/Users/amriteshindal/All_Projects/DEVOPS/DOCKER/devops-assignment/src/index.js": {"path":"/Users/amriteshindal/All_Projects/DEVOPS/DOCKER/devops-assignment/src/index.js","statementMap":{"0":{"start":{"line":1,"column":0},"end":{"line":1,"column":20}}},"fnMap":{},"branchMap":{},"s":{"0":0},"f":{},"b":{}}
,"/Users/amriteshindal/All_Projects/DEVOPS/DOCKER/devops-assignment/src/server.js": {"path":"/Users/amriteshindal/All_Projects/DEVOPS/DOCKER/devops-assignment/src/server.js","statementMap":{"0":{"start":{"line":1,"column":16},"end":{"line":1,"column":34}},"1":{"start":{"line":2,"column":12},"end":{"line":2,"column":21}},"2":{"start":{"line":3,"column":13},"end":{"line":3,"column":37}},"3":{"start":{"line":5,"column":0},"end":{"line":10,"column":3}},"4":{"start":{"line":6,"column":2},"end":{"line":9,"column":5}},"5":{"start":{"line":12,"column":0},"end":{"line":29,"column":3}},"6":{"start":{"line":13,"column":14},"end":{"line":13,"column":24}},"7":{"start":{"line":14,"column":2},"end":{"line":28,"column":5}},"8":{"start":{"line":31,"column":15},"end":{"line":33,"column":2}},"9":{"start":{"line":32,"column":2},"end":{"line":32,"column":54}},"10":{"start":{"line":35,"column":0},"end":{"line":35,"column":33}}},"fnMap":{"0":{"name":"(anonymous_0)","decl":{"start":{"line":5,"column":19},"end":{"line":5,"column":20}},"loc":{"start":{"line":5,"column":33},"end":{"line":10,"column":1}},"line":5},"1":{"name":"(anonymous_1)","decl":{"start":{"line":12,"column":21},"end":{"line":12,"column":22}},"loc":{"start":{"line":12,"column":35},"end":{"line":29,"column":1}},"line":12},"2":{"name":"(anonymous_2)","decl":{"start":{"line":31,"column":32},"end":{"line":31,"column":33}},"loc":{"start":{"line":31,"column":38},"end":{"line":33,"column":1}},"line":31}},"branchMap":{"0":{"loc":{"start":{"line":3,"column":13},"end":{"line":3,"column":37}},"type":"binary-expr","locations":[{"start":{"line":3,"column":13},"end":{"line":3,"column":29}},{"start":{"line":3,"column":33},"end":{"line":3,"column":37}}],"line":3}},"s":{"0":1,"1":1,"2":1,"3":1,"4":2,"5":1,"6":5,"7":5,"8":1,"9":1,"10":1},"f":{"0":2,"1":5,"2":1},"b":{"0":[1,1]},"_coverageSchema":"1a1c01bbd47fc00a2c39e90264f33305004495a9","hash":"7c8f54db4f9e9030673731f7cfade5d25d878554"}
}
